<?xml version="1.0" encoding="UTF-8"?>
<testng-results skipped="0" failed="0" ignored="0" total="1" passed="1">
  <reporter-output>
  </reporter-output>
  <suite name="Default suite" duration-ms="35987" started-at="2019-11-08T12:29:40Z" finished-at="2019-11-08T12:30:16Z">
    <groups>
    </groups>
    <test name="Default test" duration-ms="35987" started-at="2019-11-08T12:29:40Z" finished-at="2019-11-08T12:30:16Z">
      <class name="Test.comparePrice">
        <test-method status="PASS" signature="setup()[pri:0, instance:Test.comparePrice@56f4468b]" name="setup" is-config="true" duration-ms="2355" started-at="2019-11-08T17:59:40Z" finished-at="2019-11-08T17:59:43Z">
          <reporter-output>
          </reporter-output>
        </test-method> <!-- setup -->
        <test-method status="PASS" signature="verifyPrice()[pri:0, instance:Test.comparePrice@56f4468b]" name="verifyPrice" duration-ms="33395" started-at="2019-11-08T17:59:43Z" finished-at="2019-11-08T18:00:16Z">
          <reporter-output>
          </reporter-output>
        </test-method> <!-- verifyPrice -->
        <test-method status="PASS" signature="teardown()[pri:0, instance:Test.comparePrice@56f4468b]" name="teardown" is-config="true" duration-ms="203" started-at="2019-11-08T18:00:16Z" finished-at="2019-11-08T18:00:16Z">
          <reporter-output>
          </reporter-output>
        </test-method> <!-- teardown -->
      </class> <!-- Test.comparePrice -->
    </test> <!-- Default test -->
  </suite> <!-- Default suite -->
</testng-results>
