<?xml version="1.0" encoding="UTF-8"?>
<testng-results skipped="0" failed="0" ignored="0" total="1" passed="1">
  <reporter-output>
  </reporter-output>
  <suite name="Default suite" duration-ms="35661" started-at="2019-11-08T07:37:34Z" finished-at="2019-11-08T07:38:10Z">
    <groups>
    </groups>
    <test name="Default test" duration-ms="35661" started-at="2019-11-08T07:37:34Z" finished-at="2019-11-08T07:38:10Z">
      <class name="Test.verifyTotalPrice">
        <test-method status="PASS" signature="setup()[pri:0, instance:Test.verifyTotalPrice@56f4468b]" name="setup" is-config="true" duration-ms="2903" started-at="2019-11-08T13:07:34Z" finished-at="2019-11-08T13:07:37Z">
          <reporter-output>
          </reporter-output>
        </test-method> <!-- setup -->
        <test-method status="PASS" signature="verifyPrice()[pri:0, instance:Test.verifyTotalPrice@56f4468b]" name="verifyPrice" duration-ms="32507" started-at="2019-11-08T13:07:37Z" finished-at="2019-11-08T13:08:09Z">
          <reporter-output>
          </reporter-output>
        </test-method> <!-- verifyPrice -->
        <test-method status="PASS" signature="teardown()[pri:0, instance:Test.verifyTotalPrice@56f4468b]" name="teardown" is-config="true" duration-ms="222" started-at="2019-11-08T13:08:09Z" finished-at="2019-11-08T13:08:10Z">
          <reporter-output>
          </reporter-output>
        </test-method> <!-- teardown -->
      </class> <!-- Test.verifyTotalPrice -->
    </test> <!-- Default test -->
  </suite> <!-- Default suite -->
</testng-results>
